0 info it worked if it ends with ok
1 verbose cli [ '/usr/bin/node', '/usr/bin/npm', 'run', 'test:jest' ]
2 info using npm@3.5.2
3 info using node@v8.10.0
4 verbose run-script [ 'pretest:jest', 'test:jest', 'posttest:jest' ]
5 info lifecycle ugly-trivia@1.0.0~pretest:jest: ugly-trivia@1.0.0
6 silly lifecycle ugly-trivia@1.0.0~pretest:jest: no script for pretest:jest, continuing
7 info lifecycle ugly-trivia@1.0.0~test:jest: ugly-trivia@1.0.0
8 verbose lifecycle ugly-trivia@1.0.0~test:jest: unsafe-perm in lifecycle true
9 verbose lifecycle ugly-trivia@1.0.0~test:jest: PATH: /usr/share/npm/bin/node-gyp-bin:/home/anthony-ringard/web/tdd-starters/js-tdd/src/trivia/node_modules/.bin:/home/anthony-ringard/.platformsh/bin:/usr/local/sbin:/usr/local/bin:/usr/sbin:/usr/bin:/sbin:/bin:/usr/games:/usr/local/games:/snap/bin
10 verbose lifecycle ugly-trivia@1.0.0~test:jest: CWD: /home/anthony-ringard/web/tdd-starters/js-tdd/src/trivia
11 silly lifecycle ugly-trivia@1.0.0~test:jest: Args: [ '-c', 'jest --coverage .test.js' ]
12 silly lifecycle ugly-trivia@1.0.0~test:jest: Returned: code: 1  signal: null
13 info lifecycle ugly-trivia@1.0.0~test:jest: Failed to exec test:jest script
14 verbose stack Error: ugly-trivia@1.0.0 test:jest: `jest --coverage .test.js`
14 verbose stack Exit status 1
14 verbose stack     at EventEmitter.<anonymous> (/usr/share/npm/lib/utils/lifecycle.js:232:16)
14 verbose stack     at emitTwo (events.js:126:13)
14 verbose stack     at EventEmitter.emit (events.js:214:7)
14 verbose stack     at ChildProcess.<anonymous> (/usr/share/npm/lib/utils/spawn.js:24:14)
14 verbose stack     at emitTwo (events.js:126:13)
14 verbose stack     at ChildProcess.emit (events.js:214:7)
14 verbose stack     at maybeClose (internal/child_process.js:925:16)
14 verbose stack     at Process.ChildProcess._handle.onexit (internal/child_process.js:209:5)
15 verbose pkgid ugly-trivia@1.0.0
16 verbose cwd /home/anthony-ringard/web/tdd-starters/js-tdd/src/trivia
17 error Linux 5.4.2-050402-generic
18 error argv "/usr/bin/node" "/usr/bin/npm" "run" "test:jest"
19 error node v8.10.0
20 error npm  v3.5.2
21 error code ELIFECYCLE
22 error ugly-trivia@1.0.0 test:jest: `jest --coverage .test.js`
22 error Exit status 1
23 error Failed at the ugly-trivia@1.0.0 test:jest script 'jest --coverage .test.js'.
23 error Make sure you have the latest version of node.js and npm installed.
23 error If you do, this is most likely a problem with the ugly-trivia package,
23 error not with npm itself.
23 error Tell the author that this fails on your system:
23 error     jest --coverage .test.js
23 error You can get information on how to open an issue for this project with:
23 error     npm bugs ugly-trivia
23 error Or if that isn't available, you can get their info via:
23 error     npm owner ls ugly-trivia
23 error There is likely additional logging output above.
24 verbose exit [ 1, true ]
