0 info it worked if it ends with ok
1 verbose cli [ '/usr/bin/node', '/usr/bin/npm', 'run', 'test_watch' ]
2 info using npm@3.5.2
3 info using node@v8.10.0
4 verbose run-script [ 'pretest_watch', 'test_watch', 'posttest_watch' ]
5 info lifecycle js-tdd@1.0.0~pretest_watch: js-tdd@1.0.0
6 silly lifecycle js-tdd@1.0.0~pretest_watch: no script for pretest_watch, continuing
7 info lifecycle js-tdd@1.0.0~test_watch: js-tdd@1.0.0
8 verbose lifecycle js-tdd@1.0.0~test_watch: unsafe-perm in lifecycle true
9 verbose lifecycle js-tdd@1.0.0~test_watch: PATH: /usr/share/npm/bin/node-gyp-bin:/home/anthony-ringard/web/tdd-starters/js-tdd/node_modules/.bin:/home/anthony-ringard/.platformsh/bin:/usr/local/sbin:/usr/local/bin:/usr/sbin:/usr/bin:/sbin:/bin:/usr/games:/usr/local/games:/snap/bin
10 verbose lifecycle js-tdd@1.0.0~test_watch: CWD: /home/anthony-ringard/web/tdd-starters/js-tdd
11 silly lifecycle js-tdd@1.0.0~test_watch: Args: [ '-c',
11 silly lifecycle   'jest src/trivia/spec/*.test.js --coverage --watch --verbose' ]
12 silly lifecycle js-tdd@1.0.0~test_watch: Returned: code: 134  signal: null
13 info lifecycle js-tdd@1.0.0~test_watch: Failed to exec test_watch script
14 verbose stack Error: js-tdd@1.0.0 test_watch: `jest src/trivia/spec/*.test.js --coverage --watch --verbose`
14 verbose stack Exit status 134
14 verbose stack     at EventEmitter.<anonymous> (/usr/share/npm/lib/utils/lifecycle.js:232:16)
14 verbose stack     at emitTwo (events.js:126:13)
14 verbose stack     at EventEmitter.emit (events.js:214:7)
14 verbose stack     at ChildProcess.<anonymous> (/usr/share/npm/lib/utils/spawn.js:24:14)
14 verbose stack     at emitTwo (events.js:126:13)
14 verbose stack     at ChildProcess.emit (events.js:214:7)
14 verbose stack     at maybeClose (internal/child_process.js:925:16)
14 verbose stack     at Process.ChildProcess._handle.onexit (internal/child_process.js:209:5)
15 verbose pkgid js-tdd@1.0.0
16 verbose cwd /home/anthony-ringard/web/tdd-starters/js-tdd
17 error Linux 5.4.2-050402-generic
18 error argv "/usr/bin/node" "/usr/bin/npm" "run" "test_watch"
19 error node v8.10.0
20 error npm  v3.5.2
21 error code ELIFECYCLE
22 error js-tdd@1.0.0 test_watch: `jest src/trivia/spec/*.test.js --coverage --watch --verbose`
22 error Exit status 134
23 error Failed at the js-tdd@1.0.0 test_watch script 'jest src/trivia/spec/*.test.js --coverage --watch --verbose'.
23 error Make sure you have the latest version of node.js and npm installed.
23 error If you do, this is most likely a problem with the js-tdd package,
23 error not with npm itself.
23 error Tell the author that this fails on your system:
23 error     jest src/trivia/spec/*.test.js --coverage --watch --verbose
23 error You can get information on how to open an issue for this project with:
23 error     npm bugs js-tdd
23 error Or if that isn't available, you can get their info via:
23 error     npm owner ls js-tdd
23 error There is likely additional logging output above.
24 verbose exit [ 1, true ]
